<?xml version="1.0" encoding="utf-8"?><testsuites><testsuite name="pytest" errors="0" failures="0" skipped="0" tests="0" time="1.179" timestamp="2022-11-01T20:07:42.610304" hostname="NLLR4000297245" /></testsuites>